2018-06-08 00:29:55.808  INFO 7424 --- [restartedMain] com.example.yang2.Yang2Application       : Starting Yang2Application on yang with PID 7424 (D:\JavaSpring\yang2\target\classes started by yang in D:\JavaSpring\yang2)
2018-06-08 00:29:55.809  INFO 7424 --- [restartedMain] com.example.yang2.Yang2Application       : No active profile set, falling back to default profiles: default
2018-06-08 00:29:55.811  INFO 7424 --- [restartedMain] ConfigServletWebServerApplicationContext : Refreshing org.springframework.boot.web.servlet.context.AnnotationConfigServletWebServerApplicationContext@265f60fd: startup date [Fri Jun 08 00:29:55 CST 2018]; root of context hierarchy
2018-06-08 00:29:56.311  INFO 7424 --- [restartedMain] trationDelegate$BeanPostProcessorChecker : Bean 'org.springframework.transaction.annotation.ProxyTransactionManagementConfiguration' of type [org.springframework.transaction.annotation.ProxyTransactionManagementConfiguration$$EnhancerBySpringCGLIB$$75e69523] is not eligible for getting processed by all BeanPostProcessors (for example: not eligible for auto-proxying)
2018-06-08 00:29:56.381  INFO 7424 --- [restartedMain] o.s.b.w.embedded.tomcat.TomcatWebServer  : Tomcat initialized with port(s): 80 (http)
2018-06-08 00:29:56.382  INFO 7424 --- [restartedMain] o.apache.catalina.core.StandardService   : Starting service [Tomcat]
2018-06-08 00:29:56.383  INFO 7424 --- [restartedMain] org.apache.catalina.core.StandardEngine  : Starting Servlet Engine: Apache Tomcat/8.5.31
2018-06-08 00:29:56.425  INFO 7424 --- [localhost-startStop-1] o.a.c.c.C.[Tomcat].[localhost].[/]       : Initializing Spring embedded WebApplicationContext
2018-06-08 00:29:56.426  INFO 7424 --- [localhost-startStop-1] o.s.web.context.ContextLoader            : Root WebApplicationContext: initialization completed in 615 ms
2018-06-08 00:29:56.452  INFO 7424 --- [localhost-startStop-1] o.s.b.w.servlet.ServletRegistrationBean  : Servlet dispatcherServlet mapped to [/]
2018-06-08 00:29:56.452  INFO 7424 --- [localhost-startStop-1] o.s.b.w.servlet.FilterRegistrationBean   : Mapping filter: 'characterEncodingFilter' to: [/*]
2018-06-08 00:29:56.452  INFO 7424 --- [localhost-startStop-1] o.s.b.w.servlet.FilterRegistrationBean   : Mapping filter: 'hiddenHttpMethodFilter' to: [/*]
2018-06-08 00:29:56.452  INFO 7424 --- [localhost-startStop-1] o.s.b.w.servlet.FilterRegistrationBean   : Mapping filter: 'httpPutFormContentFilter' to: [/*]
2018-06-08 00:29:56.452  INFO 7424 --- [localhost-startStop-1] o.s.b.w.servlet.FilterRegistrationBean   : Mapping filter: 'requestContextFilter' to: [/*]
2018-06-08 00:29:56.497  INFO 7424 --- [restartedMain] j.LocalContainerEntityManagerFactoryBean : Building JPA container EntityManagerFactory for persistence unit 'default'
2018-06-08 00:29:56.497  INFO 7424 --- [restartedMain] o.hibernate.jpa.internal.util.LogHelper  : HHH000204: Processing PersistenceUnitInfo [
	name: default
	...]
2018-06-08 00:29:56.535  INFO 7424 --- [restartedMain] com.zaxxer.hikari.HikariDataSource       : HikariPool-11 - Starting...
2018-06-08 00:29:56.994  INFO 7424 --- [restartedMain] com.zaxxer.hikari.HikariDataSource       : HikariPool-11 - Start completed.
2018-06-08 00:29:56.994  INFO 7424 --- [restartedMain] org.hibernate.dialect.Dialect            : HHH000400: Using dialect: org.hibernate.dialect.MySQL5InnoDBDialect
2018-06-08 00:29:57.296  INFO 7424 --- [restartedMain] j.LocalContainerEntityManagerFactoryBean : Initialized JPA EntityManagerFactory for persistence unit 'default'
2018-06-08 00:29:57.354  INFO 7424 --- [restartedMain] o.h.h.i.QueryTranslatorFactoryInitiator  : HHH000397: Using ASTQueryTranslatorFactory
2018-06-08 00:29:57.392  INFO 7424 --- [restartedMain] o.s.w.s.handler.SimpleUrlHandlerMapping  : Mapped URL path [/**/favicon.ico] onto handler of type [class org.springframework.web.servlet.resource.ResourceHttpRequestHandler]
2018-06-08 00:29:57.449  INFO 7424 --- [restartedMain] s.w.s.m.m.a.RequestMappingHandlerAdapter : Looking for @ControllerAdvice: org.springframework.boot.web.servlet.context.AnnotationConfigServletWebServerApplicationContext@265f60fd: startup date [Fri Jun 08 00:29:55 CST 2018]; root of context hierarchy
2018-06-08 00:29:57.454  WARN 7424 --- [restartedMain] aWebConfiguration$JpaWebMvcConfiguration : spring.jpa.open-in-view is enabled by default. Therefore, database queries may be performed during view rendering. Explicitly configure spring.jpa.open-in-view to disable this warning
2018-06-08 00:29:57.457  INFO 7424 --- [restartedMain] s.w.s.m.m.a.RequestMappingHandlerMapping : Mapped "{[/client/show]}" onto public org.springframework.web.servlet.ModelAndView com.example.yang2.controller.BookShowController.show()
2018-06-08 00:29:57.457  INFO 7424 --- [restartedMain] s.w.s.m.m.a.RequestMappingHandlerMapping : Mapped "{[/client/list]}" onto public java.util.Map<java.lang.String, java.lang.Object> com.example.yang2.controller.BookShowController.bookList(java.lang.Integer,java.lang.Integer)
2018-06-08 00:29:57.457  INFO 7424 --- [restartedMain] s.w.s.m.m.a.RequestMappingHandlerMapping : Mapped "{[/client/search]}" onto public java.util.Map<java.lang.String, java.lang.Object> com.example.yang2.controller.BookShowController.searchList(java.lang.String,java.lang.Integer,java.lang.Integer)
2018-06-08 00:29:57.457  INFO 7424 --- [restartedMain] s.w.s.m.m.a.RequestMappingHandlerMapping : Mapped "{[/test1]}" onto public java.lang.Integer com.example.yang2.controller.HelloController.show()
2018-06-08 00:29:57.457  INFO 7424 --- [restartedMain] s.w.s.m.m.a.RequestMappingHandlerMapping : Mapped "{[/test]}" onto public java.util.Map<java.lang.String, java.lang.Object> com.example.yang2.controller.HelloController.jump()
2018-06-08 00:29:57.458  INFO 7424 --- [restartedMain] s.w.s.m.m.a.RequestMappingHandlerMapping : Mapped "{[/login/ValiateCoding]}" onto public void com.example.yang2.controller.LoginController.creatValidateCode(java.lang.String,javax.servlet.http.HttpServletRequest,javax.servlet.http.HttpServletResponse)
2018-06-08 00:29:57.458  INFO 7424 --- [restartedMain] s.w.s.m.m.a.RequestMappingHandlerMapping : Mapped "{[/login/validateCode]}" onto public void com.example.yang2.controller.LoginController.validateCode(javax.servlet.http.HttpServletRequest,javax.servlet.http.HttpServletResponse)
2018-06-08 00:29:57.460  INFO 7424 --- [restartedMain] s.w.s.m.m.a.RequestMappingHandlerMapping : Mapped "{[/login/login]}" onto public com.example.yang2.entity.StatusCode com.example.yang2.controller.LoginController.login(java.lang.String,java.lang.String,java.lang.String,java.lang.String,javax.servlet.http.HttpServletRequest)
2018-06-08 00:29:57.460  INFO 7424 --- [restartedMain] s.w.s.m.m.a.RequestMappingHandlerMapping : Mapped "{[/login/]}" onto public org.springframework.web.servlet.ModelAndView com.example.yang2.controller.LoginController.index()
2018-06-08 00:29:57.461  INFO 7424 --- [restartedMain] s.w.s.m.m.a.RequestMappingHandlerMapping : Mapped "{[/user/borrow]}" onto public com.example.yang2.entity.StatusCode com.example.yang2.controller.UserOperation.userBorrow(java.lang.Integer,java.lang.String,javax.servlet.http.HttpServletRequest)
2018-06-08 00:29:57.463  INFO 7424 --- [restartedMain] s.w.s.m.m.a.RequestMappingHandlerMapping : Mapped "{[/error],produces=[text/html]}" onto public org.springframework.web.servlet.ModelAndView org.springframework.boot.autoconfigure.web.servlet.error.BasicErrorController.errorHtml(javax.servlet.http.HttpServletRequest,javax.servlet.http.HttpServletResponse)
2018-06-08 00:29:57.463  INFO 7424 --- [restartedMain] s.w.s.m.m.a.RequestMappingHandlerMapping : Mapped "{[/error]}" onto public org.springframework.http.ResponseEntity<java.util.Map<java.lang.String, java.lang.Object>> org.springframework.boot.autoconfigure.web.servlet.error.BasicErrorController.error(javax.servlet.http.HttpServletRequest)
2018-06-08 00:29:57.475  INFO 7424 --- [restartedMain] o.s.w.s.handler.SimpleUrlHandlerMapping  : Mapped URL path [/webjars/**] onto handler of type [class org.springframework.web.servlet.resource.ResourceHttpRequestHandler]
2018-06-08 00:29:57.475  INFO 7424 --- [restartedMain] o.s.w.s.handler.SimpleUrlHandlerMapping  : Mapped URL path [/**] onto handler of type [class org.springframework.web.servlet.resource.ResourceHttpRequestHandler]
2018-06-08 00:29:57.501  WARN 7424 --- [restartedMain] org.thymeleaf.templatemode.TemplateMode  : [THYMELEAF][restartedMain] Template Mode 'HTML5' is deprecated. Using Template Mode 'HTML' instead.
2018-06-08 00:29:57.737  INFO 7424 --- [restartedMain] o.s.b.d.a.OptionalLiveReloadServer       : LiveReload server is running on port 35729
2018-06-08 00:29:57.773  INFO 7424 --- [restartedMain] o.s.j.e.a.AnnotationMBeanExporter        : Registering beans for JMX exposure on startup
2018-06-08 00:29:57.773  INFO 7424 --- [restartedMain] o.s.j.e.a.AnnotationMBeanExporter        : Bean with name 'dataSource' has been autodetected for JMX exposure
2018-06-08 00:29:57.776  INFO 7424 --- [restartedMain] o.s.j.e.a.AnnotationMBeanExporter        : Located MBean 'dataSource': registering with JMX server as MBean [com.zaxxer.hikari:name=dataSource,type=HikariDataSource]
2018-06-08 00:29:57.785  INFO 7424 --- [restartedMain] o.s.b.w.embedded.tomcat.TomcatWebServer  : Tomcat started on port(s): 80 (http) with context path ''
2018-06-08 00:29:57.786  INFO 7424 --- [restartedMain] com.example.yang2.Yang2Application       : Started Yang2Application in 2.022 seconds (JVM running for 750.939)
2018-06-08 00:29:57.789  INFO 7424 --- [restartedMain] .ConditionEvaluationDeltaLoggingListener : Condition evaluation unchanged
2018-06-08 00:30:10.214  INFO 7424 --- [Thread-63] ConfigServletWebServerApplicationContext : Closing org.springframework.boot.web.servlet.context.AnnotationConfigServletWebServerApplicationContext@265f60fd: startup date [Fri Jun 08 00:29:55 CST 2018]; root of context hierarchy
2018-06-08 00:30:10.215  INFO 7424 --- [Thread-63] o.s.j.e.a.AnnotationMBeanExporter        : Unregistering JMX-exposed beans on shutdown
2018-06-08 00:30:10.216  INFO 7424 --- [Thread-63] o.s.j.e.a.AnnotationMBeanExporter        : Unregistering JMX-exposed beans
2018-06-08 00:30:10.216  INFO 7424 --- [Thread-63] j.LocalContainerEntityManagerFactoryBean : Closing JPA EntityManagerFactory for persistence unit 'default'
2018-06-08 00:30:10.217  INFO 7424 --- [Thread-63] com.zaxxer.hikari.HikariDataSource       : HikariPool-11 - Shutdown initiated...
2018-06-08 00:30:10.222  INFO 7424 --- [Thread-63] com.zaxxer.hikari.HikariDataSource       : HikariPool-11 - Shutdown completed.
